Requirement already satisfied: pip in ./.venv_docs/lib/python3.14/site-packages (25.3)
Collecting pip
  Using cached pip-26.0.1-py3-none-any.whl.metadata (4.7 kB)
Using cached pip-26.0.1-py3-none-any.whl (1.8 MB)
Installing collected packages: pip
  Attempting uninstall: pip
    Found existing installation: pip 25.3
    Uninstalling pip-25.3:
      Successfully uninstalled pip-25.3
Successfully installed pip-26.0.1
Obtaining file:///Users/Zer0pa/ZPE/ZPE%20Geo/zpe-geo/code
  Installing build dependencies: started
  Installing build dependencies: finished with status 'done'
  Checking if build backend supports build_editable: started
  Checking if build backend supports build_editable: finished with status 'done'
  Getting requirements to build editable: started
  Getting requirements to build editable: finished with status 'done'
  Preparing editable metadata (pyproject.toml): started
  Preparing editable metadata (pyproject.toml): finished with status 'done'
Collecting pytest>=8.0 (from zpe-geo==0.1.0)
  Using cached pytest-9.0.2-py3-none-any.whl.metadata (7.6 kB)
Collecting h3>=4.1 (from zpe-geo==0.1.0)
  Using cached h3-4.4.2-cp314-cp314-macosx_15_0_x86_64.whl
Collecting iniconfig>=1.0.1 (from pytest>=8.0->zpe-geo==0.1.0)
  Using cached iniconfig-2.3.0-py3-none-any.whl.metadata (2.5 kB)
Collecting packaging>=22 (from pytest>=8.0->zpe-geo==0.1.0)
  Using cached packaging-26.0-py3-none-any.whl.metadata (3.3 kB)
Collecting pluggy<2,>=1.5 (from pytest>=8.0->zpe-geo==0.1.0)
  Using cached pluggy-1.6.0-py3-none-any.whl.metadata (4.8 kB)
Collecting pygments>=2.7.2 (from pytest>=8.0->zpe-geo==0.1.0)
  Using cached pygments-2.19.2-py3-none-any.whl.metadata (2.5 kB)
Using cached pytest-9.0.2-py3-none-any.whl (374 kB)
Using cached pluggy-1.6.0-py3-none-any.whl (20 kB)
Using cached iniconfig-2.3.0-py3-none-any.whl (7.5 kB)
Using cached packaging-26.0-py3-none-any.whl (74 kB)
Using cached pygments-2.19.2-py3-none-any.whl (1.2 MB)
Building wheels for collected packages: zpe-geo
  Building editable for zpe-geo (pyproject.toml): started
  Building editable for zpe-geo (pyproject.toml): finished with status 'done'
  Created wheel for zpe-geo: filename=zpe_geo-0.1.0-0.editable-py3-none-any.whl size=2769 sha256=7d960702edf48cba09066f6ae1cc85352f04e6761f25f5dfe6d142f236e65e8a
  Stored in directory: /private/var/folders/49/b6bj2qfd5nl4vndxv7rb9dh00000gn/T/pip-ephem-wheel-cache-g3w2yc9k/wheels/c2/dc/eb/096d38f5536d489e1fb018a5013a1fdf36acea5cacab918cd7
Successfully built zpe-geo
Installing collected packages: zpe-geo, pygments, pluggy, packaging, iniconfig, h3, pytest

Successfully installed h3-4.4.2 iniconfig-2.3.0 packaging-26.0 pluggy-1.6.0 pygments-2.19.2 pytest-9.0.2 zpe-geo-0.1.0
